==488727== Memcheck, a memory error detector
==488727== Copyright (C) 2002-2017, and GNU GPL'd, by Julian Seward et al.
==488727== Using Valgrind-3.16.1-36d6727e1d-20200622X and LibVEX; rerun with -h for copyright info
==488727== Command: ./parser examples/prof1.c
==488727== Parent PID: 488726
==488727== 
--488727-- 
--488727-- Valgrind options:
--488727--    -v
--488727--    --tool=memcheck
--488727--    --leak-check=full
--488727--    --show-leak-kinds=all
--488727--    --track-origins=yes
--488727--    --log-file=logfile.out
--488727-- Contents of /proc/version:
--488727--   Linux version 5.8.0-50-generic (buildd@lgw01-amd64-051) (gcc (Ubuntu 10.2.0-13ubuntu1) 10.2.0, GNU ld (GNU Binutils for Ubuntu) 2.35.1) #56-Ubuntu SMP Mon Apr 12 17:18:36 UTC 2021
--488727-- 
--488727-- Arch and hwcaps: AMD64, LittleEndian, amd64-cx16-lzcnt-rdtscp-sse3-ssse3-avx-avx2-bmi-f16c-rdrand
--488727-- Page sizes: currently 4096, max supported 4096
--488727-- Valgrind library directory: /usr/lib/x86_64-linux-gnu/valgrind
--488727-- Reading syms from /home/fillype/Documents/unb/2020.2/tradut/simple-compiler/semana/parser
--488727-- Reading syms from /usr/lib/x86_64-linux-gnu/ld-2.32.so
--488727--   Considering /usr/lib/x86_64-linux-gnu/ld-2.32.so ..
--488727--   .. CRC mismatch (computed 26410511 wanted 6010827e)
--488727--   Considering /lib/x86_64-linux-gnu/ld-2.32.so ..
--488727--   .. CRC mismatch (computed 26410511 wanted 6010827e)
--488727--   Considering /usr/lib/debug/lib/x86_64-linux-gnu/ld-2.32.so ..
--488727--   .. CRC is valid
--488727-- Reading syms from /usr/lib/x86_64-linux-gnu/valgrind/memcheck-amd64-linux
--488727--    object doesn't have a symbol table
--488727--    object doesn't have a dynamic symbol table
--488727-- Scheduler: using generic scheduler lock implementation.
--488727-- Reading suppressions file: /usr/lib/x86_64-linux-gnu/valgrind/default.supp
==488727== embedded gdbserver: reading from /tmp/vgdb-pipe-from-vgdb-to-488727-by-fillype-on-???
==488727== embedded gdbserver: writing to   /tmp/vgdb-pipe-to-vgdb-from-488727-by-fillype-on-???
==488727== embedded gdbserver: shared mem   /tmp/vgdb-pipe-shared-mem-vgdb-488727-by-fillype-on-???
==488727== 
==488727== TO CONTROL THIS PROCESS USING vgdb (which you probably
==488727== don't want to do, unless you know exactly what you're doing,
==488727== or are doing some strange experiment):
==488727==   /usr/bin/vgdb --pid=488727 ...command...
==488727== 
==488727== TO DEBUG THIS PROCESS USING GDB: start GDB like this
==488727==   /path/to/gdb ./parser
==488727== and then give GDB the following command
==488727==   target remote | /usr/bin/vgdb --pid=488727
==488727== --pid is optional if only one valgrind process is running
==488727== 
--488727-- REDIR: 0x4023b00 (ld-linux-x86-64.so.2:strlen) redirected to 0x580ccb72 (???)
--488727-- REDIR: 0x40238d0 (ld-linux-x86-64.so.2:index) redirected to 0x580ccb8c (???)
--488727-- Reading syms from /usr/lib/x86_64-linux-gnu/valgrind/vgpreload_core-amd64-linux.so
--488727--    object doesn't have a symbol table
--488727-- Reading syms from /usr/lib/x86_64-linux-gnu/valgrind/vgpreload_memcheck-amd64-linux.so
--488727--    object doesn't have a symbol table
==488727== WARNING: new redirection conflicts with existing -- ignoring it
--488727--     old: 0x04023b00 (strlen              ) R-> (0000.0) 0x580ccb72 ???
--488727--     new: 0x04023b00 (strlen              ) R-> (2007.0) 0x04840060 strlen
--488727-- REDIR: 0x40202e0 (ld-linux-x86-64.so.2:strcmp) redirected to 0x4840fd0 (strcmp)
--488727-- REDIR: 0x4024060 (ld-linux-x86-64.so.2:mempcpy) redirected to 0x4844af0 (mempcpy)
--488727-- Reading syms from /usr/lib/x86_64-linux-gnu/libm-2.32.so
--488727--   Considering /usr/lib/x86_64-linux-gnu/libm-2.32.so ..
--488727--   .. CRC mismatch (computed 0edfce73 wanted dcffbe87)
--488727--   Considering /lib/x86_64-linux-gnu/libm-2.32.so ..
--488727--   .. CRC mismatch (computed 0edfce73 wanted dcffbe87)
--488727--   Considering /usr/lib/debug/lib/x86_64-linux-gnu/libm-2.32.so ..
--488727--   .. CRC is valid
--488727-- Reading syms from /usr/lib/x86_64-linux-gnu/libc-2.32.so
--488727--   Considering /usr/lib/x86_64-linux-gnu/libc-2.32.so ..
--488727--   .. CRC mismatch (computed 2798f119 wanted a3907336)
--488727--   Considering /lib/x86_64-linux-gnu/libc-2.32.so ..
--488727--   .. CRC mismatch (computed 2798f119 wanted a3907336)
--488727--   Considering /usr/lib/debug/lib/x86_64-linux-gnu/libc-2.32.so ..
--488727--   .. CRC is valid
--488727-- REDIR: 0x4a521f0 (libc.so.6:memmove) redirected to 0x48341d0 (_vgnU_ifunc_wrapper)
--488727-- REDIR: 0x4a51680 (libc.so.6:strncpy) redirected to 0x48341d0 (_vgnU_ifunc_wrapper)
--488727-- REDIR: 0x4a52530 (libc.so.6:strcasecmp) redirected to 0x48341d0 (_vgnU_ifunc_wrapper)
--488727-- REDIR: 0x4a51120 (libc.so.6:strcat) redirected to 0x48341d0 (_vgnU_ifunc_wrapper)
--488727-- REDIR: 0x4a516e0 (libc.so.6:rindex) redirected to 0x48341d0 (_vgnU_ifunc_wrapper)
--488727-- REDIR: 0x4a539f0 (libc.so.6:rawmemchr) redirected to 0x48341d0 (_vgnU_ifunc_wrapper)
--488727-- REDIR: 0x4a6e150 (libc.so.6:wmemchr) redirected to 0x48341d0 (_vgnU_ifunc_wrapper)
--488727-- REDIR: 0x4a6dc90 (libc.so.6:wcscmp) redirected to 0x48341d0 (_vgnU_ifunc_wrapper)
--488727-- REDIR: 0x4a52350 (libc.so.6:mempcpy) redirected to 0x48341d0 (_vgnU_ifunc_wrapper)
--488727-- REDIR: 0x4a52180 (libc.so.6:bcmp) redirected to 0x48341d0 (_vgnU_ifunc_wrapper)
--488727-- REDIR: 0x4a51610 (libc.so.6:strncmp) redirected to 0x48341d0 (_vgnU_ifunc_wrapper)
--488727-- REDIR: 0x4a511d0 (libc.so.6:strcmp) redirected to 0x48341d0 (_vgnU_ifunc_wrapper)
--488727-- REDIR: 0x4a522c0 (libc.so.6:memset) redirected to 0x48341d0 (_vgnU_ifunc_wrapper)
--488727-- REDIR: 0x4a6dc50 (libc.so.6:wcschr) redirected to 0x48341d0 (_vgnU_ifunc_wrapper)
--488727-- REDIR: 0x4a51570 (libc.so.6:strnlen) redirected to 0x48341d0 (_vgnU_ifunc_wrapper)
--488727-- REDIR: 0x4a512b0 (libc.so.6:strcspn) redirected to 0x48341d0 (_vgnU_ifunc_wrapper)
--488727-- REDIR: 0x4a52580 (libc.so.6:strncasecmp) redirected to 0x48341d0 (_vgnU_ifunc_wrapper)
--488727-- REDIR: 0x4a51250 (libc.so.6:strcpy) redirected to 0x48341d0 (_vgnU_ifunc_wrapper)
--488727-- REDIR: 0x4a526d0 (libc.so.6:memcpy@@GLIBC_2.14) redirected to 0x48341d0 (_vgnU_ifunc_wrapper)
--488727-- REDIR: 0x4a6f3d0 (libc.so.6:wcsnlen) redirected to 0x48341d0 (_vgnU_ifunc_wrapper)
--488727-- REDIR: 0x4a6dcd0 (libc.so.6:wcscpy) redirected to 0x48341d0 (_vgnU_ifunc_wrapper)
--488727-- REDIR: 0x4a51720 (libc.so.6:strpbrk) redirected to 0x48341d0 (_vgnU_ifunc_wrapper)
--488727-- REDIR: 0x4a51180 (libc.so.6:index) redirected to 0x48341d0 (_vgnU_ifunc_wrapper)
--488727-- REDIR: 0x4a51530 (libc.so.6:strlen) redirected to 0x48341d0 (_vgnU_ifunc_wrapper)
--488727-- REDIR: 0x4a59ee0 (libc.so.6:memrchr) redirected to 0x48341d0 (_vgnU_ifunc_wrapper)
--488727-- REDIR: 0x4a525d0 (libc.so.6:strcasecmp_l) redirected to 0x48341d0 (_vgnU_ifunc_wrapper)
--488727-- REDIR: 0x4a52140 (libc.so.6:memchr) redirected to 0x48341d0 (_vgnU_ifunc_wrapper)
--488727-- REDIR: 0x4a6dda0 (libc.so.6:wcslen) redirected to 0x48341d0 (_vgnU_ifunc_wrapper)
--488727-- REDIR: 0x4a51850 (libc.so.6:strspn) redirected to 0x48341d0 (_vgnU_ifunc_wrapper)
--488727-- REDIR: 0x4a524d0 (libc.so.6:stpncpy) redirected to 0x48341d0 (_vgnU_ifunc_wrapper)
--488727-- REDIR: 0x4a52470 (libc.so.6:stpcpy) redirected to 0x48341d0 (_vgnU_ifunc_wrapper)
--488727-- REDIR: 0x4a53a30 (libc.so.6:strchrnul) redirected to 0x48341d0 (_vgnU_ifunc_wrapper)
--488727-- REDIR: 0x4a52620 (libc.so.6:strncasecmp_l) redirected to 0x48341d0 (_vgnU_ifunc_wrapper)
--488727-- REDIR: 0x4b36fa0 (libc.so.6:__strrchr_avx2) redirected to 0x483fa10 (rindex)
--488727-- REDIR: 0x4a4c560 (libc.so.6:malloc) redirected to 0x483c780 (malloc)
--488727-- REDIR: 0x4a51d10 (libc.so.6:__GI_strstr) redirected to 0x4844d70 (__strstr_sse2)
--488727-- REDIR: 0x4b3a600 (libc.so.6:__memset_avx2_unaligned_erms) redirected to 0x48439b0 (memset)
--488727-- REDIR: 0x4b37170 (libc.so.6:__strlen_avx2) redirected to 0x483ff40 (strlen)
--488727-- REDIR: 0x4b3a180 (libc.so.6:__memcpy_avx_unaligned_erms) redirected to 0x4843ac0 (memmove)
--488727-- REDIR: 0x4b36db0 (libc.so.6:__strchrnul_avx2) redirected to 0x4844610 (strchrnul)
--488727-- REDIR: 0x4b37630 (libc.so.6:__strcat_avx2) redirected to 0x483fc20 (strcat)
--488727-- REDIR: 0x4a4cb70 (libc.so.6:free) redirected to 0x483d9d0 (free)
--488727-- REDIR: 0x4b3a160 (libc.so.6:__mempcpy_avx_unaligned_erms) redirected to 0x4844730 (mempcpy)
==488727== 
==488727== HEAP SUMMARY:
==488727==     in use at exit: 532 bytes in 121 blocks
==488727==   total heap usage: 229 allocs, 108 frees, 27,159 bytes allocated
==488727== 
==488727== Searching for pointers to 121 not-freed blocks
==488727== Checked 76,328 bytes
==488727== 
==488727== 2 bytes in 1 blocks are still reachable in loss record 1 of 23
==488727==    at 0x483C7F3: malloc (in /usr/lib/x86_64-linux-gnu/valgrind/vgpreload_memcheck-amd64-linux.so)
==488727==    by 0x4A5141E: strdup (strdup.c:42)
==488727==    by 0x401CF8: yylex (analex.l:355)
==488727==    by 0x4041FE: yyparse (anasin.tab.c:3423)
==488727==    by 0x4060BE: main (anasin.y:1015)
==488727== 
==488727== 2 bytes in 1 blocks are indirectly lost in loss record 2 of 23
==488727==    at 0x483C7F3: malloc (in /usr/lib/x86_64-linux-gnu/valgrind/vgpreload_memcheck-amd64-linux.so)
==488727==    by 0x4A5141E: strdup (strdup.c:42)
==488727==    by 0x401926: yylex (analex.l:222)
==488727==    by 0x4041FE: yyparse (anasin.tab.c:3423)
==488727==    by 0x4060BE: main (anasin.y:1015)
==488727== 
==488727== 2 bytes in 1 blocks are definitely lost in loss record 3 of 23
==488727==    at 0x483C7F3: malloc (in /usr/lib/x86_64-linux-gnu/valgrind/vgpreload_memcheck-amd64-linux.so)
==488727==    by 0x4A5141E: strdup (strdup.c:42)
==488727==    by 0x401BCA: yylex (analex.l:313)
==488727==    by 0x4041FE: yyparse (anasin.tab.c:3423)
==488727==    by 0x4060BE: main (anasin.y:1015)
==488727== 
==488727== 2 bytes in 1 blocks are definitely lost in loss record 4 of 23
==488727==    at 0x483C7F3: malloc (in /usr/lib/x86_64-linux-gnu/valgrind/vgpreload_memcheck-amd64-linux.so)
==488727==    by 0x4A5141E: strdup (strdup.c:42)
==488727==    by 0x401CF8: yylex (analex.l:355)
==488727==    by 0x4041FE: yyparse (anasin.tab.c:3423)
==488727==    by 0x4060BE: main (anasin.y:1015)
==488727== 
==488727== 4 bytes in 2 blocks are definitely lost in loss record 5 of 23
==488727==    at 0x483C7F3: malloc (in /usr/lib/x86_64-linux-gnu/valgrind/vgpreload_memcheck-amd64-linux.so)
==488727==    by 0x4A5141E: strdup (strdup.c:42)
==488727==    by 0x401CC4: yylex (analex.l:348)
==488727==    by 0x4041FE: yyparse (anasin.tab.c:3423)
==488727==    by 0x4060BE: main (anasin.y:1015)
==488727== 
==488727== 6 bytes in 2 blocks are indirectly lost in loss record 6 of 23
==488727==    at 0x483C7F3: malloc (in /usr/lib/x86_64-linux-gnu/valgrind/vgpreload_memcheck-amd64-linux.so)
==488727==    by 0x4A5141E: strdup (strdup.c:42)
==488727==    by 0x401B62: yylex (analex.l:299)
==488727==    by 0x4041FE: yyparse (anasin.tab.c:3423)
==488727==    by 0x4060BE: main (anasin.y:1015)
==488727== 
==488727== 7 bytes in 1 blocks are definitely lost in loss record 7 of 23
==488727==    at 0x483C7F3: malloc (in /usr/lib/x86_64-linux-gnu/valgrind/vgpreload_memcheck-amd64-linux.so)
==488727==    by 0x4A5141E: strdup (strdup.c:42)
==488727==    by 0x4018BE: yylex (analex.l:208)
==488727==    by 0x4041FE: yyparse (anasin.tab.c:3423)
==488727==    by 0x4060BE: main (anasin.y:1015)
==488727== 
==488727== 8 bytes in 2 blocks are definitely lost in loss record 8 of 23
==488727==    at 0x483C7F3: malloc (in /usr/lib/x86_64-linux-gnu/valgrind/vgpreload_memcheck-amd64-linux.so)
==488727==    by 0x4A5141E: strdup (strdup.c:42)
==488727==    by 0x401856: yylex (analex.l:194)
==488727==    by 0x4041FE: yyparse (anasin.tab.c:3423)
==488727==    by 0x4060BE: main (anasin.y:1015)
==488727== 
==488727== 10 bytes in 2 blocks are definitely lost in loss record 9 of 23
==488727==    at 0x483C7F3: malloc (in /usr/lib/x86_64-linux-gnu/valgrind/vgpreload_memcheck-amd64-linux.so)
==488727==    by 0x4A5141E: strdup (strdup.c:42)
==488727==    by 0x4016B6: yylex (analex.l:138)
==488727==    by 0x4041FE: yyparse (anasin.tab.c:3423)
==488727==    by 0x4060BE: main (anasin.y:1015)
==488727== 
==488727== 12 bytes in 3 blocks are definitely lost in loss record 10 of 23
==488727==    at 0x483C7F3: malloc (in /usr/lib/x86_64-linux-gnu/valgrind/vgpreload_memcheck-amd64-linux.so)
==488727==    by 0x4A5141E: strdup (strdup.c:42)
==488727==    by 0x40164E: yylex (analex.l:124)
==488727==    by 0x4041FE: yyparse (anasin.tab.c:3423)
==488727==    by 0x4060BE: main (anasin.y:1015)
==488727== 
==488727== 12 bytes in 3 blocks are definitely lost in loss record 11 of 23
==488727==    at 0x483C7F3: malloc (in /usr/lib/x86_64-linux-gnu/valgrind/vgpreload_memcheck-amd64-linux.so)
==488727==    by 0x4A5141E: strdup (strdup.c:42)
==488727==    by 0x4015B2: yylex (analex.l:103)
==488727==    by 0x4041FE: yyparse (anasin.tab.c:3423)
==488727==    by 0x4060BE: main (anasin.y:1015)
==488727== 
==488727== 12 bytes in 4 blocks are definitely lost in loss record 12 of 23
==488727==    at 0x483C7F3: malloc (in /usr/lib/x86_64-linux-gnu/valgrind/vgpreload_memcheck-amd64-linux.so)
==488727==    by 0x4A5141E: strdup (strdup.c:42)
==488727==    by 0x401682: yylex (analex.l:131)
==488727==    by 0x4041FE: yyparse (anasin.tab.c:3423)
==488727==    by 0x4060BE: main (anasin.y:1015)
==488727== 
==488727== 14 bytes in 2 blocks are definitely lost in loss record 13 of 23
==488727==    at 0x483C7F3: malloc (in /usr/lib/x86_64-linux-gnu/valgrind/vgpreload_memcheck-amd64-linux.so)
==488727==    by 0x4A5141E: strdup (strdup.c:42)
==488727==    by 0x40188A: yylex (analex.l:201)
==488727==    by 0x4041FE: yyparse (anasin.tab.c:3423)
==488727==    by 0x4060BE: main (anasin.y:1015)
==488727== 
==488727== 15 bytes in 5 blocks are definitely lost in loss record 14 of 23
==488727==    at 0x483C7F3: malloc (in /usr/lib/x86_64-linux-gnu/valgrind/vgpreload_memcheck-amd64-linux.so)
==488727==    by 0x4A5141E: strdup (strdup.c:42)
==488727==    by 0x4017EE: yylex (analex.l:180)
==488727==    by 0x4041FE: yyparse (anasin.tab.c:3423)
==488727==    by 0x4060BE: main (anasin.y:1015)
==488727== 
==488727== 18 bytes in 3 blocks are definitely lost in loss record 15 of 23
==488727==    at 0x483C7F3: malloc (in /usr/lib/x86_64-linux-gnu/valgrind/vgpreload_memcheck-amd64-linux.so)
==488727==    by 0x4A5141E: strdup (strdup.c:42)
==488727==    by 0x401D94: yylex (analex.l:376)
==488727==    by 0x4041FE: yyparse (anasin.tab.c:3423)
==488727==    by 0x4060BE: main (anasin.y:1015)
==488727== 
==488727== 18 bytes in 9 blocks are definitely lost in loss record 16 of 23
==488727==    at 0x483C7F3: malloc (in /usr/lib/x86_64-linux-gnu/valgrind/vgpreload_memcheck-amd64-linux.so)
==488727==    by 0x4A5141E: strdup (strdup.c:42)
==488727==    by 0x401D2C: yylex (analex.l:362)
==488727==    by 0x4041FE: yyparse (anasin.tab.c:3423)
==488727==    by 0x4060BE: main (anasin.y:1015)
==488727== 
==488727== 22 bytes in 11 blocks are definitely lost in loss record 17 of 23
==488727==    at 0x483C7F3: malloc (in /usr/lib/x86_64-linux-gnu/valgrind/vgpreload_memcheck-amd64-linux.so)
==488727==    by 0x4A5141E: strdup (strdup.c:42)
==488727==    by 0x401D60: yylex (analex.l:369)
==488727==    by 0x4041FE: yyparse (anasin.tab.c:3423)
==488727==    by 0x4060BE: main (anasin.y:1015)
==488727== 
==488727== 26 bytes in 13 blocks are definitely lost in loss record 18 of 23
==488727==    at 0x483C7F3: malloc (in /usr/lib/x86_64-linux-gnu/valgrind/vgpreload_memcheck-amd64-linux.so)
==488727==    by 0x4A5141E: strdup (strdup.c:42)
==488727==    by 0x401BFE: yylex (analex.l:320)
==488727==    by 0x4041FE: yyparse (anasin.tab.c:3423)
==488727==    by 0x4060BE: main (anasin.y:1015)
==488727== 
==488727== 26 bytes in 13 blocks are definitely lost in loss record 19 of 23
==488727==    at 0x483C7F3: malloc (in /usr/lib/x86_64-linux-gnu/valgrind/vgpreload_memcheck-amd64-linux.so)
==488727==    by 0x4A5141E: strdup (strdup.c:42)
==488727==    by 0x401C32: yylex (analex.l:327)
==488727==    by 0x4041FE: yyparse (anasin.tab.c:3423)
==488727==    by 0x4060BE: main (anasin.y:1015)
==488727== 
==488727== 35 bytes in 5 blocks are definitely lost in loss record 20 of 23
==488727==    at 0x483C7F3: malloc (in /usr/lib/x86_64-linux-gnu/valgrind/vgpreload_memcheck-amd64-linux.so)
==488727==    by 0x4A5141E: strdup (strdup.c:42)
==488727==    by 0x40171E: yylex (analex.l:152)
==488727==    by 0x4041FE: yyparse (anasin.tab.c:3423)
==488727==    by 0x4060BE: main (anasin.y:1015)
==488727== 
==488727== 42 (40 direct, 2 indirect) bytes in 1 blocks are definitely lost in loss record 21 of 23
==488727==    at 0x483C7F3: malloc (in /usr/lib/x86_64-linux-gnu/valgrind/vgpreload_memcheck-amd64-linux.so)
==488727==    by 0x407406: create_ast_node (ast.c:6)
==488727==    by 0x40557E: yyparse (anasin.y:783)
==488727==    by 0x4060BE: main (anasin.y:1015)
==488727== 
==488727== 86 (80 direct, 6 indirect) bytes in 2 blocks are definitely lost in loss record 22 of 23
==488727==    at 0x483C7F3: malloc (in /usr/lib/x86_64-linux-gnu/valgrind/vgpreload_memcheck-amd64-linux.so)
==488727==    by 0x407406: create_ast_node (ast.c:6)
==488727==    by 0x40551E: yyparse (anasin.y:768)
==488727==    by 0x4060BE: main (anasin.y:1015)
==488727== 
==488727== 159 bytes in 34 blocks are definitely lost in loss record 23 of 23
==488727==    at 0x483C7F3: malloc (in /usr/lib/x86_64-linux-gnu/valgrind/vgpreload_memcheck-amd64-linux.so)
==488727==    by 0x4A5141E: strdup (strdup.c:42)
==488727==    by 0x401E98: yylex (analex.l:411)
==488727==    by 0x4041FE: yyparse (anasin.tab.c:3423)
==488727==    by 0x4060BE: main (anasin.y:1015)
==488727== 
==488727== LEAK SUMMARY:
==488727==    definitely lost: 522 bytes in 117 blocks
==488727==    indirectly lost: 8 bytes in 3 blocks
==488727==      possibly lost: 0 bytes in 0 blocks
==488727==    still reachable: 2 bytes in 1 blocks
==488727==         suppressed: 0 bytes in 0 blocks
==488727== 
==488727== ERROR SUMMARY: 20 errors from 20 contexts (suppressed: 0 from 0)
